<?xml version="1.0" encoding="UTF-8" ?>
<testsuite tests="13" failures="0" name="runner.TestRunner" time="69.312" errors="0" skipped="0">
  <properties>
[...]
</properties>
  <testcase classname="Check NHS costs for person from Wales" name="Verify if user is below 16 years old, he must get help with NHS Costs" time="5.903"/>
  <testcase classname="Check NHS costs for person from Wales" name="Verify user aged 19 and above get help with NHS costs  if he and/or his partner get Universal Credit and their combined take-home pay is less than £935." time="7.185"/>
  <testcase classname="Check NHS costs for person from Wales" name="Verify user get help with NHS costs if he is 16, 17 or 18 years old and in full-time education." time="5.367"/>
  <testcase classname="Check NHS costs for person from Wales" name="Verify user aged 19 and above get help with NHS costs if he gets qualifying tax credits and have a household income of £15,276 or less." time="4.97"/>
  <testcase classname="Check NHS costs for person from Wales" name="Verify user aged 19 and above, get help with NHS costs if he gets Income Support" time="4.471"/>
  <testcase classname="Check NHS costs for person from Wales" name="Verify user aged 19 and above, get help with NHS costs if he get income-related Employment and Support Allowance (ESA)" time="5.05"/>
  <testcase classname="Check NHS costs for person from Wales" name="Verify user aged 19 and above, get help with NHS costs if he get help from local council to pay for his care home" time="6.095"/>
  <testcase classname="Check NHS costs for person from Wales" name="Verify user aged 19 and above, get help with NHS costs if he get Pension Credit Guarantee Credit" time="4.58"/>
  <testcase classname="Check NHS costs for person from Wales" name="Verify error message if he user select both ESA and JSA for- what benefits he gets." time="5.424"/>
  <testcase classname="Check NHS costs for person from Wales" name="Verify user get error message if DOB field is blank or incomplete #1" time="6.319"/>
  <testcase classname="Check NHS costs for person from Wales" name="Verify user get error message if DOB field is blank or incomplete #2" time="5.027"/>
  <testcase classname="Check NHS costs for person from Wales" name="Verify user get error message if DOB field is blank or incomplete #3" time="3.308"/>
  <testcase classname="Check NHS costs for person from Wales" name="Verify user get error message if he do not select yes or no option." time="5.613"/>
</testsuite>